<?xml version="1.0" encoding="UTF-8"?>
<!-- Generated by org.testng.reporters.JUnitReportReporter -->
<testsuite hostname="Udit2210" failures="0" tests="1" name="testCases.LoginTest" time="1.818" errors="0" timestamp="2024-12-05T17:46:07 IST" skipped="0">
  <testcase classname="testCases.LoginTest" name="verifyLogin" time="1.818"/>
</testsuite> <!-- testCases.LoginTest -->
