<?xml version="1.0" encoding="UTF-8"?>
<!-- Generated by org.testng.reporters.JUnitReportReporter -->
<testsuite hostname="Udit2210" failures="0" tests="1" name="testCases.LoginTest" time="8.125" errors="0" timestamp="2024-12-07T13:43:02 IST" skipped="0">
  <testcase classname="testCases.LoginTest" name="verifyLogin" time="8.125"/>
</testsuite> <!-- testCases.LoginTest -->
